# JRE version: 7.0_05-b05
# Java VM: Java HotSpot(TM) Client VM (23.1-b03 mixed mode, sharing windows-x86 )
Heap
 def new generation   total 17216K, used 9282K [0x242b0000, 0x25550000, 0x29800000)
  eden space 15360K,  60% used [0x242b0000, 0x24bc0128, 0x251b0000)
  from space 1856K,   0% used [0x25380000, 0x25380aa8, 0x25550000)
  to   space 1856K,   0% used [0x251b0000, 0x251b0000, 0x25380000)
 tenured generation   total 37976K, used 22784K [0x29800000, 0x2bd16000, 0x342b0000)
   the space 37976K,  59% used [0x29800000, 0x2ae40068, 0x2ae40200, 0x2bd16000)
 compacting perm gen  total 12288K, used 6085K [0x342b0000, 0x34eb0000, 0x382b0000)
   the space 12288K,  49% used [0x342b0000, 0x348a17b0, 0x348a1800, 0x34eb0000)
    ro space 10240K,  42% used [0x382b0000, 0x386ee580, 0x386ee600, 0x38cb0000)
    rw space 12288K,  54% used [0x38cb0000, 0x3932f128, 0x3932f200, 0x398b0000)
GC Heap History (10 events):
Event: 12.338 GC heap before
{Heap before GC invocations=13 (full 2):
 def new generation   total 10816K, used 9681K [0x242b0000, 0x24e60000, 0x29800000)
  eden space 9664K,  99% used [0x242b0000, 0x24c1b0d0, 0x24c20000)
  from space 1152K,   3% used [0x24c20000, 0x24c29440, 0x24d40000)
  to   space 1152K,   0% used [0x24d40000, 0x24d40000, 0x24e60000)
 tenured generation   total 23796K, used 22375K [0x29800000, 0x2af3d000, 0x342b0000)
   the space 23796K,  94% used [0x29800000, 0x2add9d58, 0x2add9e00, 0x2af3d000)
 compacting perm gen  total 12288K, used 5246K [0x342b0000, 0x34eb0000, 0x382b0000)
   the space 12288K,  42% used [0x342b0000, 0x347cfbb8, 0x347cfc00, 0x34eb0000)
    ro space 10240K,  42% used [0x382b0000, 0x386ee580, 0x386ee600, 0x38cb0000)
    rw space 12288K,  54% used [0x38cb0000, 0x3932f128, 0x3932f200, 0x398b0000)
Event: 12.339 GC heap after
Heap after GC invocations=14 (full 2):
 def new generation   total 10816K, used 38K [0x242b0000, 0x24e60000, 0x29800000)
  eden space 9664K,   0% used [0x242b0000, 0x242b0000, 0x24c20000)
  from space 1152K,   3% used [0x24d40000, 0x24d49990, 0x24e60000)
  to   space 1152K,   0% used [0x24c20000, 0x24c20000, 0x24d40000)
 tenured generation   total 23796K, used 22375K [0x29800000, 0x2af3d000, 0x342b0000)
   the space 23796K,  94% used [0x29800000, 0x2add9d58, 0x2add9e00, 0x2af3d000)
 compacting perm gen  total 12288K, used 5246K [0x342b0000, 0x34eb0000, 0x382b0000)
   the space 12288K,  42% used [0x342b0000, 0x347cfbb8, 0x347cfc00, 0x34eb0000)
    ro space 10240K,  42% used [0x382b0000, 0x386ee580, 0x386ee600, 0x38cb0000)
    rw space 12288K,  54% used [0x38cb0000, 0x3932f128, 0x3932f200, 0x398b0000)
}
Event: 12.656 GC heap before
{Heap before GC invocations=14 (full 2):
 def new generation   total 10816K, used 9702K [0x242b0000, 0x24e60000, 0x29800000)
  eden space 9664K, 100% used [0x242b0000, 0x24c20000, 0x24c20000)
  from space 1152K,   3% used [0x24d40000, 0x24d49990, 0x24e60000)
  to   space 1152K,   0% used [0x24c20000, 0x24c20000, 0x24d40000)
 tenured generation   total 23796K, used 22375K [0x29800000, 0x2af3d000, 0x342b0000)
   the space 23796K,  94% used [0x29800000, 0x2add9d58, 0x2add9e00, 0x2af3d000)
 compacting perm gen  total 12288K, used 5801K [0x342b0000, 0x34eb0000, 0x382b0000)
   the space 12288K,  47% used [0x342b0000, 0x3485a730, 0x3485a800, 0x34eb0000)
    ro space 10240K,  42% used [0x382b0000, 0x386ee580, 0x386ee600, 0x38cb0000)
    rw space 12288K,  54% used [0x38cb0000, 0x3932f128, 0x3932f200, 0x398b0000)
Event: 12.662 GC heap after
Heap after GC invocations=15 (full 2):
 def new generation   total 10816K, used 991K [0x242b0000, 0x24e60000, 0x29800000)
  eden space 9664K,   0% used [0x242b0000, 0x242b0000, 0x24c20000)
  from space 1152K,  86% used [0x24c20000, 0x24d17fd0, 0x24d40000)
  to   space 1152K,   0% used [0x24d40000, 0x24d40000, 0x24e60000)
 tenured generation   total 23796K, used 22375K [0x29800000, 0x2af3d000, 0x342b0000)
   the space 23796K,  94% used [0x29800000, 0x2add9d58, 0x2add9e00, 0x2af3d000)
 compacting perm gen  total 12288K, used 5801K [0x342b0000, 0x34eb0000, 0x382b0000)
   the space 12288K,  47% used [0x342b0000, 0x3485a730, 0x3485a800, 0x34eb0000)
    ro space 10240K,  42% used [0x382b0000, 0x386ee580, 0x386ee600, 0x38cb0000)
    rw space 12288K,  54% used [0x38cb0000, 0x3932f128, 0x3932f200, 0x398b0000)
}
Event: 16.704 GC heap before
{Heap before GC invocations=15 (full 2):
 def new generation   total 10816K, used 5237K [0x242b0000, 0x24e60000, 0x29800000)
  eden space 9664K,  43% used [0x242b0000, 0x246d5520, 0x24c20000)
  from space 1152K,  86% used [0x24c20000, 0x24d17fd0, 0x24d40000)
  to   space 1152K,   0% used [0x24d40000, 0x24d40000, 0x24e60000)
 tenured generation   total 23796K, used 22375K [0x29800000, 0x2af3d000, 0x342b0000)
   the space 23796K,  94% used [0x29800000, 0x2add9d58, 0x2add9e00, 0x2af3d000)
 compacting perm gen  total 12288K, used 6081K [0x342b0000, 0x34eb0000, 0x382b0000)
   the space 12288K,  49% used [0x342b0000, 0x348a0438, 0x348a0600, 0x34eb0000)
    ro space 10240K,  42% used [0x382b0000, 0x386ee580, 0x386ee600, 0x38cb0000)
    rw space 12288K,  54% used [0x38cb0000, 0x3932f128, 0x3932f200, 0x398b0000)
Event: 16.709 GC heap after
Heap after GC invocations=16 (full 2):
 def new generation   total 10816K, used 705K [0x242b0000, 0x24e60000, 0x29800000)
  eden space 9664K,   0% used [0x242b0000, 0x242b0000, 0x24c20000)
  from space 1152K,  61% used [0x24d40000, 0x24df0720, 0x24e60000)
  to   space 1152K,   0% used [0x24c20000, 0x24c20000, 0x24d40000)
 tenured generation   total 23796K, used 22758K [0x29800000, 0x2af3d000, 0x342b0000)
   the space 23796K,  95% used [0x29800000, 0x2ae39b30, 0x2ae39c00, 0x2af3d000)
 compacting perm gen  total 12288K, used 6081K [0x342b0000, 0x34eb0000, 0x382b0000)
   the space 12288K,  49% used [0x342b0000, 0x348a0438, 0x348a0600, 0x34eb0000)
    ro space 10240K,  42% used [0x382b0000, 0x386ee580, 0x386ee600, 0x38cb0000)
    rw space 12288K,  54% used [0x38cb0000, 0x3932f128, 0x3932f200, 0x398b0000)
}
Event: 16.864 GC heap before
{Heap before GC invocations=16 (full 2):
 def new generation   total 10816K, used 10361K [0x242b0000, 0x24e60000, 0x29800000)
  eden space 9664K,  99% used [0x242b0000, 0x24c1de78, 0x24c20000)
  from space 1152K,  61% used [0x24d40000, 0x24df0720, 0x24e60000)
  to   space 1152K,   0% used [0x24c20000, 0x24c20000, 0x24d40000)
 tenured generation   total 23796K, used 22758K [0x29800000, 0x2af3d000, 0x342b0000)
   the space 23796K,  95% used [0x29800000, 0x2ae39b30, 0x2ae39c00, 0x2af3d000)
 compacting perm gen  total 12288K, used 6081K [0x342b0000, 0x34eb0000, 0x382b0000)
   the space 12288K,  49% used [0x342b0000, 0x348a0438, 0x348a0600, 0x34eb0000)
    ro space 10240K,  42% used [0x382b0000, 0x386ee580, 0x386ee600, 0x38cb0000)
    rw space 12288K,  54% used [0x38cb0000, 0x3932f128, 0x3932f200, 0x398b0000)
Event: 16.948 GC heap after
Heap after GC invocations=17 (full 3):
 def new generation   total 17216K, used 0K [0x242b0000, 0x25550000, 0x29800000)
  eden space 15360K,   0% used [0x242b0000, 0x242b0000, 0x251b0000)
  from space 1856K,   0% used [0x251b0000, 0x251b0000, 0x25380000)
  to   space 1856K,   0% used [0x25380000, 0x25380000, 0x25550000)
 tenured generation   total 37976K, used 22784K [0x29800000, 0x2bd16000, 0x342b0000)
   the space 37976K,  59% used [0x29800000, 0x2ae40068, 0x2ae40200, 0x2bd16000)
 compacting perm gen  total 12288K, used 6081K [0x342b0000, 0x34eb0000, 0x382b0000)
   the space 12288K,  49% used [0x342b0000, 0x348a0438, 0x348a0600, 0x34eb0000)
    ro space 10240K,  42% used [0x382b0000, 0x386ee580, 0x386ee600, 0x38cb0000)
    rw space 12288K,  54% used [0x38cb0000, 0x3932f128, 0x3932f200, 0x398b0000)
}
Event: 17.067 GC heap before
{Heap before GC invocations=17 (full 3):
 def new generation   total 17216K, used 15343K [0x242b0000, 0x25550000, 0x29800000)
  eden space 15360K,  99% used [0x242b0000, 0x251abcd0, 0x251b0000)
  from space 1856K,   0% used [0x251b0000, 0x251b0000, 0x25380000)
  to   space 1856K,   0% used [0x25380000, 0x25380000, 0x25550000)
 tenured generation   total 37976K, used 22784K [0x29800000, 0x2bd16000, 0x342b0000)
   the space 37976K,  59% used [0x29800000, 0x2ae40068, 0x2ae40200, 0x2bd16000)
 compacting perm gen  total 12288K, used 6081K [0x342b0000, 0x34eb0000, 0x382b0000)
   the space 12288K,  49% used [0x342b0000, 0x348a0458, 0x348a0600, 0x34eb0000)
    ro space 10240K,  42% used [0x382b0000, 0x386ee580, 0x386ee600, 0x38cb0000)
    rw space 12288K,  54% used [0x38cb0000, 0x3932f128, 0x3932f200, 0x398b0000)
Event: 17.068 GC heap after
Heap after GC invocations=18 (full 3):
 def new generation   total 17216K, used 2K [0x242b0000, 0x25550000, 0x29800000)
  eden space 15360K,   0% used [0x242b0000, 0x242b0000, 0x251b0000)
  from space 1856K,   0% used [0x25380000, 0x25380aa8, 0x25550000)
  to   space 1856K,   0% used [0x251b0000, 0x251b0000, 0x25380000)
 tenured generation   total 37976K, used 22784K [0x29800000, 0x2bd16000, 0x342b0000)
   the space 37976K,  59% used [0x29800000, 0x2ae40068, 0x2ae40200, 0x2bd16000)
 compacting perm gen  total 12288K, used 6081K [0x342b0000, 0x34eb0000, 0x382b0000)
   the space 12288K,  49% used [0x342b0000, 0x348a0458, 0x348a0600, 0x34eb0000)
    ro space 10240K,  42% used [0x382b0000, 0x386ee580, 0x386ee600, 0x38cb0000)
    rw space 12288K,  54% used [0x38cb0000, 0x3932f128, 0x3932f200, 0x398b0000)
}

